c:\users\vojta\google drive\job\ips_demo_v2\bin-int\debug-windows-x86\engine1\engine1.pch
c:\users\vojta\google drive\job\ips_demo_v2\bin-int\debug-windows-x86\engine1\engine1.pdb
c:\users\vojta\google drive\job\ips_demo_v2\bin-int\debug-windows-x86\engine1\engine1.idb
c:\users\vojta\google drive\job\ips_demo_v2\bin-int\debug-windows-x86\engine1\e1pch.obj
c:\users\vojta\google drive\job\ips_demo_v2\bin-int\debug-windows-x86\engine1\windowswindow.obj
c:\users\vojta\google drive\job\ips_demo_v2\bin-int\debug-windows-x86\engine1\windowsinput.obj
c:\users\vojta\google drive\job\ips_demo_v2\bin-int\debug-windows-x86\engine1\log.obj
c:\users\vojta\google drive\job\ips_demo_v2\bin-int\debug-windows-x86\engine1\layerstack.obj
c:\users\vojta\google drive\job\ips_demo_v2\bin-int\debug-windows-x86\engine1\layer.obj
c:\users\vojta\google drive\job\ips_demo_v2\bin-int\debug-windows-x86\engine1\imguilayer.obj
c:\users\vojta\google drive\job\ips_demo_v2\bin-int\debug-windows-x86\engine1\imguibuild.obj
c:\users\vojta\google drive\job\ips_demo_v2\bin-int\debug-windows-x86\engine1\application.obj
c:\users\vojta\google drive\job\ips_demo_v2\bin\debug-windows-x86\engine1\engine1.lib
c:\users\vojta\google drive\job\ips_demo_v2\engine1\..\bin\debug-windows-x86\engine1\engine1.lib
c:\users\vojta\google drive\job\ips_demo_v2\bin-int\debug-windows-x86\engine1\engine1.tlog\cl.command.1.tlog
c:\users\vojta\google drive\job\ips_demo_v2\bin-int\debug-windows-x86\engine1\engine1.tlog\cl.read.1.tlog
c:\users\vojta\google drive\job\ips_demo_v2\bin-int\debug-windows-x86\engine1\engine1.tlog\cl.write.1.tlog
c:\users\vojta\google drive\job\ips_demo_v2\bin-int\debug-windows-x86\engine1\engine1.tlog\lib-link.read.1.tlog
c:\users\vojta\google drive\job\ips_demo_v2\bin-int\debug-windows-x86\engine1\engine1.tlog\lib-link.write.1.tlog
c:\users\vojta\google drive\job\ips_demo_v2\bin-int\debug-windows-x86\engine1\engine1.tlog\lib.command.1.tlog
